0 info it worked if it ends with ok
1 verbose cli [ 'node', '/usr/local/bin/npm', 'install' ]
2 info using npm@1.4.28
3 info using node@v0.10.35
4 verbose readDependencies using package.json deps
5 verbose install where, deps [ '/Users/coreyjohnson/hello-jenkins',
5 verbose install   [ 'express', 'mocha', 'supertest' ] ]
6 info preinstall hello-jenkins@0.0.1
7 verbose readDependencies using package.json deps
8 verbose cache add [ 'express@3.12.0', null ]
9 verbose cache add name=undefined spec="express@3.12.0" args=["express@3.12.0",null]
10 verbose parsed url { protocol: null,
10 verbose parsed url   slashes: null,
10 verbose parsed url   auth: null,
10 verbose parsed url   host: null,
10 verbose parsed url   port: null,
10 verbose parsed url   hostname: null,
10 verbose parsed url   hash: null,
10 verbose parsed url   search: null,
10 verbose parsed url   query: null,
10 verbose parsed url   pathname: 'express@3.12.0',
10 verbose parsed url   path: 'express@3.12.0',
10 verbose parsed url   href: 'express@3.12.0' }
11 verbose cache add [ 'mocha@1.20.1', null ]
12 verbose cache add name=undefined spec="mocha@1.20.1" args=["mocha@1.20.1",null]
13 verbose parsed url { protocol: null,
13 verbose parsed url   slashes: null,
13 verbose parsed url   auth: null,
13 verbose parsed url   host: null,
13 verbose parsed url   port: null,
13 verbose parsed url   hostname: null,
13 verbose parsed url   hash: null,
13 verbose parsed url   search: null,
13 verbose parsed url   query: null,
13 verbose parsed url   pathname: 'mocha@1.20.1',
13 verbose parsed url   path: 'mocha@1.20.1',
13 verbose parsed url   href: 'mocha@1.20.1' }
14 verbose cache add [ 'supertest@0.13.0', null ]
15 verbose cache add name=undefined spec="supertest@0.13.0" args=["supertest@0.13.0",null]
16 verbose parsed url { protocol: null,
16 verbose parsed url   slashes: null,
16 verbose parsed url   auth: null,
16 verbose parsed url   host: null,
16 verbose parsed url   port: null,
16 verbose parsed url   hostname: null,
16 verbose parsed url   hash: null,
16 verbose parsed url   search: null,
16 verbose parsed url   query: null,
16 verbose parsed url   pathname: 'supertest@0.13.0',
16 verbose parsed url   path: 'supertest@0.13.0',
16 verbose parsed url   href: 'supertest@0.13.0' }
17 verbose cache add name="express" spec="3.12.0" args=["express","3.12.0"]
18 verbose parsed url { protocol: null,
18 verbose parsed url   slashes: null,
18 verbose parsed url   auth: null,
18 verbose parsed url   host: null,
18 verbose parsed url   port: null,
18 verbose parsed url   hostname: null,
18 verbose parsed url   hash: null,
18 verbose parsed url   search: null,
18 verbose parsed url   query: null,
18 verbose parsed url   pathname: '3.12.0',
18 verbose parsed url   path: '3.12.0',
18 verbose parsed url   href: '3.12.0' }
19 verbose addNamed [ 'express', '3.12.0' ]
20 verbose addNamed [ '3.12.0', '3.12.0' ]
21 verbose cache add name="mocha" spec="1.20.1" args=["mocha","1.20.1"]
22 verbose parsed url { protocol: null,
22 verbose parsed url   slashes: null,
22 verbose parsed url   auth: null,
22 verbose parsed url   host: null,
22 verbose parsed url   port: null,
22 verbose parsed url   hostname: null,
22 verbose parsed url   hash: null,
22 verbose parsed url   search: null,
22 verbose parsed url   query: null,
22 verbose parsed url   pathname: '1.20.1',
22 verbose parsed url   path: '1.20.1',
22 verbose parsed url   href: '1.20.1' }
23 verbose addNamed [ 'mocha', '1.20.1' ]
24 verbose addNamed [ '1.20.1', '1.20.1' ]
25 verbose cache add name="supertest" spec="0.13.0" args=["supertest","0.13.0"]
26 verbose parsed url { protocol: null,
26 verbose parsed url   slashes: null,
26 verbose parsed url   auth: null,
26 verbose parsed url   host: null,
26 verbose parsed url   port: null,
26 verbose parsed url   hostname: null,
26 verbose parsed url   hash: null,
26 verbose parsed url   search: null,
26 verbose parsed url   query: null,
26 verbose parsed url   pathname: '0.13.0',
26 verbose parsed url   path: '0.13.0',
26 verbose parsed url   href: '0.13.0' }
27 verbose addNamed [ 'supertest', '0.13.0' ]
28 verbose addNamed [ '0.13.0', '0.13.0' ]
29 silly lockFile a13dbca4-express-3-12-0 express@3.12.0
30 verbose lock express@3.12.0 /Users/coreyjohnson/.npm/a13dbca4-express-3-12-0.lock
31 silly lockFile f8a1961c-mocha-1-20-1 mocha@1.20.1
32 verbose lock mocha@1.20.1 /Users/coreyjohnson/.npm/f8a1961c-mocha-1-20-1.lock
33 silly lockFile 3ffc2d4c-supertest-0-13-0 supertest@0.13.0
34 verbose lock supertest@0.13.0 /Users/coreyjohnson/.npm/3ffc2d4c-supertest-0-13-0.lock
35 verbose request where is /supertest
36 verbose request registry https://registry.npmjs.org/
37 verbose request id f46db4405ae7a2ce
38 verbose url raw /supertest
39 verbose url resolving [ 'https://registry.npmjs.org/', './supertest' ]
40 verbose url resolved https://registry.npmjs.org/supertest
41 verbose request where is https://registry.npmjs.org/supertest
42 info trying registry request attempt 1 at 18:17:47
43 http GET https://registry.npmjs.org/supertest
44 verbose request where is /mocha
45 verbose request registry https://registry.npmjs.org/
46 verbose url raw /mocha
47 verbose url resolving [ 'https://registry.npmjs.org/', './mocha' ]
48 verbose url resolved https://registry.npmjs.org/mocha
49 verbose request where is https://registry.npmjs.org/mocha
50 info trying registry request attempt 1 at 18:17:47
51 http GET https://registry.npmjs.org/mocha
52 verbose request where is /express
53 verbose request registry https://registry.npmjs.org/
54 verbose url raw /express
55 verbose url resolving [ 'https://registry.npmjs.org/', './express' ]
56 verbose url resolved https://registry.npmjs.org/express
57 verbose request where is https://registry.npmjs.org/express
58 info trying registry request attempt 1 at 18:17:47
59 verbose etag "2O5ZSY6311N2OXO3ZIMIJQ8M3"
60 http GET https://registry.npmjs.org/express
61 http 200 https://registry.npmjs.org/mocha
62 silly registry.get cb [ 200,
62 silly registry.get   { server: 'nginx/1.10.1',
62 silly registry.get     'content-type': 'application/json',
62 silly registry.get     'last-modified': 'Thu, 31 Aug 2017 05:31:04 GMT',
62 silly registry.get     etag: 'W/"59a79f18-ad22e"',
62 silly registry.get     'content-encoding': 'gzip',
62 silly registry.get     'cache-control': 'max-age=300',
62 silly registry.get     'content-length': '41381',
62 silly registry.get     'accept-ranges': 'bytes',
62 silly registry.get     date: 'Thu, 31 Aug 2017 22:17:47 GMT',
62 silly registry.get     via: '1.1 varnish',
62 silly registry.get     age: '271',
62 silly registry.get     connection: 'keep-alive',
62 silly registry.get     'x-served-by': 'cache-dca17737-DCA',
62 silly registry.get     'x-cache': 'HIT',
62 silly registry.get     'x-cache-hits': '1',
62 silly registry.get     'x-timer': 'S1504217868.771534,VS0,VE0',
62 silly registry.get     vary: 'Accept-Encoding, Accept' } ]
63 silly lockFile 32ea62bd-npmjs-org-mocha-mocha-1-20-1-tgz https://registry.npmjs.org/mocha/-/mocha-1.20.1.tgz
64 verbose lock https://registry.npmjs.org/mocha/-/mocha-1.20.1.tgz /Users/coreyjohnson/.npm/32ea62bd-npmjs-org-mocha-mocha-1-20-1-tgz.lock
65 http 200 https://registry.npmjs.org/express
66 silly registry.get cb [ 200,
66 silly registry.get   { server: 'nginx/1.10.1',
66 silly registry.get     'content-type': 'application/json',
66 silly registry.get     'last-modified': 'Wed, 30 Aug 2017 15:15:35 GMT',
66 silly registry.get     etag: 'W/"59a6d697-8ec3c"',
66 silly registry.get     'content-encoding': 'gzip',
66 silly registry.get     'cache-control': 'max-age=300',
66 silly registry.get     'content-length': '45028',
66 silly registry.get     'accept-ranges': 'bytes',
66 silly registry.get     date: 'Thu, 31 Aug 2017 22:17:47 GMT',
66 silly registry.get     via: '1.1 varnish',
66 silly registry.get     age: '293',
66 silly registry.get     connection: 'keep-alive',
66 silly registry.get     'x-served-by': 'cache-dca17738-DCA',
66 silly registry.get     'x-cache': 'HIT',
66 silly registry.get     'x-cache-hits': '4',
66 silly registry.get     'x-timer': 'S1504217868.777822,VS0,VE0',
66 silly registry.get     vary: 'Accept-Encoding, Accept' } ]
67 verbose addRemoteTarball [ 'https://registry.npmjs.org/mocha/-/mocha-1.20.1.tgz',
67 verbose addRemoteTarball   'f343832d9fe0c7d97c64fc70448f5136df9fed5b' ]
68 silly lockFile eb9b9382-s-org-express-express-3-12-0-tgz https://registry.npmjs.org/express/-/express-3.12.0.tgz
69 verbose lock https://registry.npmjs.org/express/-/express-3.12.0.tgz /Users/coreyjohnson/.npm/eb9b9382-s-org-express-express-3-12-0-tgz.lock
70 info retry fetch attempt 1 at 18:17:47
71 verbose fetch to= /var/folders/fm/30y3lz5j263b5cmwwzyj30sm0000gn/T/npm-2343-9_V29O2D/registry.npmjs.org/mocha/-/mocha-1.20.1.tgz
72 verbose addRemoteTarball [ 'https://registry.npmjs.org/express/-/express-3.12.0.tgz',
72 verbose addRemoteTarball   '8f00c9bef6f4d186f4a481ad831844dd7d73336e' ]
73 http GET https://registry.npmjs.org/mocha/-/mocha-1.20.1.tgz
74 info retry fetch attempt 1 at 18:17:47
75 verbose fetch to= /var/folders/fm/30y3lz5j263b5cmwwzyj30sm0000gn/T/npm-2343-9_V29O2D/registry.npmjs.org/express/-/express-3.12.0.tgz
76 http GET https://registry.npmjs.org/express/-/express-3.12.0.tgz
77 http 200 https://registry.npmjs.org/mocha/-/mocha-1.20.1.tgz
78 silly lockFile 32ea62bd-npmjs-org-mocha-mocha-1-20-1-tgz https://registry.npmjs.org/mocha/-/mocha-1.20.1.tgz
79 silly lockFile 32ea62bd-npmjs-org-mocha-mocha-1-20-1-tgz https://registry.npmjs.org/mocha/-/mocha-1.20.1.tgz
80 silly lockFile f8a1961c-mocha-1-20-1 mocha@1.20.1
81 silly lockFile f8a1961c-mocha-1-20-1 mocha@1.20.1
82 http 200 https://registry.npmjs.org/express/-/express-3.12.0.tgz
83 silly lockFile eb9b9382-s-org-express-express-3-12-0-tgz https://registry.npmjs.org/express/-/express-3.12.0.tgz
84 silly lockFile eb9b9382-s-org-express-express-3-12-0-tgz https://registry.npmjs.org/express/-/express-3.12.0.tgz
85 silly lockFile a13dbca4-express-3-12-0 express@3.12.0
86 silly lockFile a13dbca4-express-3-12-0 express@3.12.0
87 http 200 https://registry.npmjs.org/supertest
88 silly registry.get cb [ 200,
88 silly registry.get   { server: 'nginx/1.10.1',
88 silly registry.get     'content-type': 'application/json',
88 silly registry.get     'last-modified': 'Sun, 27 Aug 2017 09:46:57 GMT',
88 silly registry.get     etag: 'W/"59a29511-bfae"',
88 silly registry.get     'content-encoding': 'gzip',
88 silly registry.get     'cache-control': 'max-age=300',
88 silly registry.get     'content-length': '8139',
88 silly registry.get     'accept-ranges': 'bytes',
88 silly registry.get     date: 'Thu, 31 Aug 2017 22:17:48 GMT',
88 silly registry.get     via: '1.1 varnish',
88 silly registry.get     age: '0',
88 silly registry.get     connection: 'keep-alive',
88 silly registry.get     'x-served-by': 'cache-dca17731-DCA',
88 silly registry.get     'x-cache': 'HIT',
88 silly registry.get     'x-cache-hits': '1',
88 silly registry.get     'x-timer': 'S1504217868.776858,VS0,VE364',
88 silly registry.get     vary: 'Accept-Encoding, Accept' } ]
89 silly lockFile c9f89548-g-supertest-supertest-0-13-0-tgz https://registry.npmjs.org/supertest/-/supertest-0.13.0.tgz
90 verbose lock https://registry.npmjs.org/supertest/-/supertest-0.13.0.tgz /Users/coreyjohnson/.npm/c9f89548-g-supertest-supertest-0-13-0-tgz.lock
91 verbose addRemoteTarball [ 'https://registry.npmjs.org/supertest/-/supertest-0.13.0.tgz',
91 verbose addRemoteTarball   '4892bafd9beaa9bbcc95fd5a9f04949aef1ce06f' ]
92 info retry fetch attempt 1 at 18:17:48
93 verbose fetch to= /var/folders/fm/30y3lz5j263b5cmwwzyj30sm0000gn/T/npm-2343-9_V29O2D/registry.npmjs.org/supertest/-/supertest-0.13.0.tgz
94 http GET https://registry.npmjs.org/supertest/-/supertest-0.13.0.tgz
95 http 200 https://registry.npmjs.org/supertest/-/supertest-0.13.0.tgz
96 silly lockFile c9f89548-g-supertest-supertest-0-13-0-tgz https://registry.npmjs.org/supertest/-/supertest-0.13.0.tgz
97 silly lockFile c9f89548-g-supertest-supertest-0-13-0-tgz https://registry.npmjs.org/supertest/-/supertest-0.13.0.tgz
98 silly lockFile 3ffc2d4c-supertest-0-13-0 supertest@0.13.0
99 silly lockFile 3ffc2d4c-supertest-0-13-0 supertest@0.13.0
100 error Error: EACCES, mkdir '/Users/coreyjohnson/.npm/express/3.12.0'
100 error  { [Error: EACCES, mkdir '/Users/coreyjohnson/.npm/express/3.12.0']
100 error   errno: 3,
100 error   code: 'EACCES',
100 error   path: '/Users/coreyjohnson/.npm/express/3.12.0',
100 error   parent: 'hello-jenkins' }
101 error Please try running this command again as root/Administrator.
102 error System Darwin 16.6.0
103 error command "node" "/usr/local/bin/npm" "install"
104 error cwd /Users/coreyjohnson/hello-jenkins
105 error node -v v0.10.35
106 error npm -v 1.4.28
107 error path /Users/coreyjohnson/.npm/express/3.12.0
108 error code EACCES
109 error errno 3
110 error stack Error: EACCES, mkdir '/Users/coreyjohnson/.npm/express/3.12.0'
111 verbose exit [ 3, true ]
